This is pdfTeX, Version 3.14159265-2.6-1.40.21 (TeX Live 2020) (preloaded format=pdflatex 2020.8.20)  18 JUL 2022 21:31
entering extended mode
 restricted \write18 enabled.
 file:line:error style messages enabled.
 %&-line parsing enabled.
**island_groups_table.tex
(./island_groups_table.tex
LaTeX2e <2020-02-02> patch level 5
L3 programming layer <2020-03-06>

./island_groups_table.tex:3: LaTeX Error: Environment table undefined.

See the LaTeX manual or LaTeX Companion for explanation.
Type  H <return>  for immediate help.
 ...                                              
                                                  
l.3 \begin{table}
                 [ht]
? 
./island_groups_table.tex:3: Emergency stop.
 ...                                              
                                                  
l.3 \begin{table}
                 [ht]
Your command was ignored.
Type  I <command> <return>  to replace it with another command,
or  <return>  to continue without it.

 
Here is how much of TeX's memory you used:
 17 strings out of 480608
 566 string characters out of 5903630
 239610 words of memory out of 5000000
 16009 multiletter control sequences out of 15000+600000
 532338 words of font info for 24 fonts, out of 8000000 for 9000
 1141 hyphenation exceptions out of 8191
 12i,0n,15p,113b,16s stack positions out of 5000i,500n,10000p,200000b,80000s
./island_groups_table.tex:3:  ==> Fatal error occurred, no output PDF file prod
uced!
